d:\portfolio\cpp\cpp_study\project1\project1\x64\debug\vc143.pdb
d:\portfolio\cpp\cpp_study\project1\project1\x64\debug\vc143.idb
d:\portfolio\cpp\cpp_study\project1\project1\x64\debug\231025_singletone.obj
d:\portfolio\cpp\cpp_study\project1\project1\x64\debug\231025_decorator.obj
d:\portfolio\cpp\cpp_study\project1\project1\x64\debug\231026_vector.obj
d:\portfolio\cpp\cpp_study\project1\project1\x64\debug\231026_template.obj
d:\portfolio\cpp\cpp_study\project1\project1\x64\debug\231026_pair.obj
d:\portfolio\cpp\cpp_study\project1\project1\x64\debug\231026_deque.obj
d:\portfolio\cpp\cpp_study\project1\project1\x64\debug\231027_list.obj
d:\portfolio\cpp\cpp_study\project1\project1\x64\debug\231027_forward_list.obj
d:\portfolio\cpp\cpp_study\project1\project1\x64\debug\231027_set.obj
d:\portfolio\cpp\cpp_study\project1\project1\x64\debug\231027_array.obj
d:\portfolio\cpp\cpp_study\project1\project1\x64\debug\231027_map.obj
d:\portfolio\cpp\cpp_study\project1\project1\x64\debug\231027_unordered_set.obj
d:\portfolio\cpp\cpp_study\project1\project1\x64\debug\231030_allocator.obj
d:\portfolio\cpp\cpp_study\project1\project1\x64\debug\231031stack.obj
d:\portfolio\cpp\cpp_study\project1\project1\x64\debug\231030_unordered_map.obj
d:\portfolio\cpp\cpp_study\project1\project1\x64\debug\231031_queue.obj
d:\portfolio\cpp\cpp_study\project1\project1\x64\debug\231101_priority_queue.obj
d:\portfolio\cpp\cpp_study\project1\project1\x64\debug\231102_sort.obj
d:\portfolio\cpp\cpp_study\project1\project1\x64\debug\231102_find.obj
d:\portfolio\cpp\cpp_study\project1\project1\x64\debug\231102_transform.obj
d:\portfolio\cpp\cpp_study\project1\project1\x64\debug\231102_for_each.obj
d:\portfolio\cpp\cpp_study\project1\project1\x64\debug\231113_generate.obj
d:\portfolio\cpp\cpp_study\project1\project1\x64\debug\231113_binary_search.obj
d:\portfolio\cpp\cpp_study\project1\project1\x64\debug\24262.obj
d:\portfolio\cpp\cpp_study\project1\project1\x64\debug\2798.obj
d:\portfolio\cpp\cpp_study\project1\project1\x64\debug\24268.obj
d:\portfolio\cpp\cpp_study\project1\project1\x64\debug\24267.obj
d:\portfolio\cpp\cpp_study\project1\project1\x64\debug\24266.obj
d:\portfolio\cpp\cpp_study\project1\project1\x64\debug\24265.obj
d:\portfolio\cpp\cpp_study\project1\project1\x64\debug\24264.obj
d:\portfolio\cpp\cpp_study\project1\project1\x64\debug\24263.obj
d:\portfolio\cpp\cpp_study\project1\project1\x64\debug\2231.obj
d:\portfolio\cpp\cpp_study\project1\project1\x64\debug\19532.obj
d:\portfolio\cpp\cpp_study\project1\project1\x64\debug\1018.obj
d:\portfolio\cpp\cpp_study\project1\project1\x64\debug\1436.obj
d:\portfolio\cpp\cpp_study\project1\project1\x64\debug\231117_pointer.obj
d:\portfolio\cpp\cpp_study\project1\project1\x64\debug\231205_inheritance.obj
d:\portfolio\cpp\cpp_study\project1\project1\x64\debug\231117_real_number.obj
d:\portfolio\cpp\cpp_study\project1\project1\x64\debug\231205_singleresponsibilityprinciple.obj
d:\portfolio\cpp\cpp_study\project1\project1\x64\debug\231205_openclosedprinciple.obj
d:\portfolio\cpp\cpp_study\project1\project1\x64\debug\231205_liskovsubstitutionprinciple.obj
d:\portfolio\cpp\cpp_study\project1\project1\x64\debug\9663.obj
d:\portfolio\cpp\cpp_study\project1\project1\x64\debug\231208_dependencyinversionprinciple.obj
d:\portfolio\cpp\cpp_study\project1\project1\x64\debug\231207_interfacesegregationprinciple.obj
d:\portfolio\cpp\cpp_study\project1\project1\x64\debug\231214_factorypattern.obj
d:\portfolio\cpp\cpp_study\project1\project1\x64\debug\231214_abstractfactory.obj
d:\portfolio\cpp\cpp_study\project1\project1\x64\debug\231215_builderpattern.obj
d:\portfolio\cpp\cpp_study\project1\project1\x64\debug\231216_simplebuilderpattern.obj
d:\portfolio\cpp\cpp_study\project1\project1\x64\debug\231216_directorbuilderpattern.obj
d:\portfolio\cpp\cpp_study\project1\project1\x64\debug\231217_strategypattern.obj
d:\portfolio\cpp\cpp_study\project1\project1\x64\debug\231217_facadepattern.obj
d:\portfolio\cpp\cpp_study\project1\project1\x64\debug\231218_prototypepattern.obj
d:\portfolio\cpp\cpp_study\project1\project1\x64\debug\231219_statepattern.obj
d:\portfolio\cpp\cpp_study\project1\project1\x64\debug\231219_adapterpattern.obj
d:\portfolio\cpp\cpp_study\project1\project1\x64\debug\231220_stretagevsstate.obj
d:\portfolio\cpp\cpp_study\project1\project1\x64\debug\231220_staticfactorymethod.obj
d:\portfolio\cpp\cpp_study\project1\project1\x64\debug\231226_bridgepattern.obj
d:\portfolio\cpp\cpp_study\project1\project1\x64\debug\231227_commandpattern.obj
d:\portfolio\cpp\cpp_study\project1\project1\x64\debug\231226_chainofresposiblitypattern.obj
d:\portfolio\cpp\cpp_study\project1\project1\x64\debug\231227_commandpatternwrongexample.obj
d:\portfolio\cpp\cpp_study\project1\project1\x64\debug\231228_mementopattern.obj
d:\portfolio\cpp\cpp_study\project1\project1\x64\debug\231227_compositepattern.obj
d:\portfolio\cpp\cpp_study\project1\project1\x64\debug\231228_iteratorpattern.obj
d:\portfolio\cpp\cpp_study\project1\project1\x64\debug\231228_flyweightpattern.obj
d:\portfolio\cpp\cpp_study\project1\project1\x64\debug\231228_meditatorpattern.obj
d:\portfolio\cpp\cpp_study\project1\project1\x64\debug\231229_templatemethodpattern.obj
d:\portfolio\cpp\cpp_study\project1\project1\x64\debug\231229_templatemethodpatternwithhookmethod.obj
d:\portfolio\cpp\cpp_study\project1\project1\x64\debug\240104_protectionproxy.obj
d:\portfolio\cpp\cpp_study\project1\project1\x64\debug\240104_virtualproxy.obj
d:\portfolio\cpp\cpp_study\project1\project1\x64\debug\240104_normalproxy.obj
d:\portfolio\cpp\cpp_study\project1\project1\x64\debug\240104_loggingproxy.obj
d:\portfolio\cpp\cpp_study\project1\project1\x64\debug\240104_visitorpattern.obj
d:\portfolio\cpp\cpp_study\project1\project1\x64\debug\240104_proxypattern.obj
d:\portfolio\cpp\cpp_study\project1\project1\x64\debug\240104_doubledispatch.obj
d:\portfolio\cpp\cpp_study\project1\project1\x64\debug\2839.obj
d:\portfolio\cpp\cpp_study\project1\project1\x64\debug\2750.obj
d:\portfolio\cpp\cpp_study\project1\project1\x64\debug\2587.obj
d:\portfolio\cpp\cpp_study\project1\project1\x64\debug\25305.obj
d:\portfolio\cpp\cpp_study\project1\project1\x64\debug\10989.obj
d:\portfolio\cpp\cpp_study\project1\project1\x64\debug\1427.obj
d:\portfolio\cpp\cpp_study\project1\project1\x64\debug\mergesort.obj
d:\portfolio\cpp\cpp_study\project1\project1\x64\debug\insertionsort.obj
d:\portfolio\cpp\cpp_study\project1\project1\x64\debug\11650.obj
d:\portfolio\cpp\cpp_study\project1\project1\x64\debug\11651.obj
d:\portfolio\cpp\cpp_study\project1\project1\x64\debug\18870.obj
d:\portfolio\cpp\cpp_study\project1\project1\x64\debug\1181.obj
d:\portfolio\cpp\cpp_study\project1\project1\x64\debug\10814.obj
d:\portfolio\cpp\cpp_study\project1\x64\debug\project1.exe
d:\portfolio\cpp\cpp_study\project1\project1\x64\debug\project1.ilk
d:\portfolio\cpp\cpp_study\project1\x64\debug\project1.pdb
d:\portfolio\cpp\cpp_study\project1\project1\x64\debug\230104_normalproxy.obj
d:\portfolio\cpp\cpp_study\project1\project1\x64\debug\231025.obj
d:\portfolio\cpp\cpp_study\project1\project1\x64\debug\231026_templete.obj
d:\portfolio\cpp\cpp_study\project1\project1\x64\debug\231028_forward_list.obj
d:\portfolio\cpp\cpp_study\project1\project1\x64\debug\231030_unordered_multiset.obj
d:\portfolio\cpp\cpp_study\project1\project1\x64\debug\231218_facadepattern.obj
d:\portfolio\cpp\cpp_study\project1\project1\x64\debug\231218_strategypattern.obj
d:\portfolio\cpp\cpp_study\project1\project1\x64\debug\231227.obj
d:\portfolio\cpp\cpp_study\project1\project1\x64\debug\1018.obj.enc
d:\portfolio\cpp\cpp_study\project1\project1\x64\debug\231025_singletone.new.obj.enc
d:\portfolio\cpp\cpp_study\project1\project1\x64\debug\231030_unordered_map.obj.enc
d:\portfolio\cpp\cpp_study\project1\project1\x64\debug\231102_transform.obj.enc
d:\portfolio\cpp\cpp_study\project1\project1\x64\debug\231228_flyweightpattern.obj.enc
d:\portfolio\cpp\cpp_study\project1\project1\x64\debug\231228_meditatorpattern.obj.enc
d:\portfolio\cpp\cpp_study\project1\project1\x64\debug\25305.obj.enc
d:\portfolio\cpp\cpp_study\project1\project1\x64\debug\2798.obj.enc
d:\portfolio\cpp\cpp_study\project1\project1\x64\debug\9663.obj.enc
d:\portfolio\cpp\cpp_study\project1\project1\x64\debug\mergesort.obj.enc
d:\portfolio\cpp\cpp_study\project1\project1\x64\debug\project1.tlog\cl.command.1.tlog
d:\portfolio\cpp\cpp_study\project1\project1\x64\debug\project1.tlog\cl.items.tlog
d:\portfolio\cpp\cpp_study\project1\project1\x64\debug\project1.tlog\cl.read.1.tlog
d:\portfolio\cpp\cpp_study\project1\project1\x64\debug\project1.tlog\cl.write.1.tlog
d:\portfolio\cpp\cpp_study\project1\project1\x64\debug\project1.tlog\link.command.1.tlog
d:\portfolio\cpp\cpp_study\project1\project1\x64\debug\project1.tlog\link.read.1.tlog
d:\portfolio\cpp\cpp_study\project1\project1\x64\debug\project1.tlog\link.write.1.tlog
